This is pdfTeX, Version 3.141592653-2.6-1.40.28 (TeX Live 2025) (preloaded format=pdflatex 2025.12.19)  19 MAR 2026 23:22
entering extended mode
 restricted \write18 enabled.
 %&-line parsing enabled.
**out.tex
(./out.tex
LaTeX2e <2025-11-01>
L3 programming layer <2025-11-14>
! Undefined control sequence.
l.1 \hypertarget
                {ux43fux440ux438ux431ux43bux438ux436ux435ux43dux43dux44bux43...

? 
! Emergency stop.
l.1 
    
End of file on the terminal!

 
Here is how much of TeX's memory you used:
 14 strings out of 468952
 328 string characters out of 5461133
 433733 words of memory out of 5000000
 28782 multiletter control sequences out of 15000+600000
 627721 words of font info for 40 fonts, out of 8000000 for 9000
 452 hyphenation exceptions out of 8191
 12i,0n,13p,459b,8s stack positions out of 10000i,1000n,20000p,200000b,200000s
!  ==> Fatal error occurred, no output PDF file produced!
